<?xml version="1.0" encoding="UTF-8"?>
<testsuites name="jest tests" tests="21" failures="0" errors="0" time="29.23">
  <testsuite name="ridesSummary" errors="0" failures="0" skipped="0" timestamp="2026-06-05T22:19:16" time="2.21" tests="2">
    <testcase classname="ridesSummary should provide &quot;person&quot; postfix for 1" name="ridesSummary should provide &quot;person&quot; postfix for 1" time="0.023">
    </testcase>
    <testcase classname="ridesSummary should provide &quot;people&quot; postfix for 2" name="ridesSummary should provide &quot;people&quot; postfix for 2" time="0.002">
    </testcase>
  </testsuite>
  <testsuite name="Router" errors="0" failures="0" skipped="0" timestamp="2026-06-05T22:19:16" time="2.214" tests="3">
    <testcase classname="Router should immediately emit the current route onNext" name="Router should immediately emit the current route onNext" time="0.02">
    </testcase>
    <testcase classname="Router should emit on next" name="Router should emit on next" time="0.002">
    </testcase>
    <testcase classname="Router should be able to unsubscribe" name="Router should be able to unsubscribe" time="0">
    </testcase>
  </testsuite>
  <testsuite name="RideService" errors="0" failures="0" skipped="0" timestamp="2026-06-05T22:19:16" time="2.215" tests="2">
    <testcase classname="RideService should retrieve rides from the server when getRides is called" name="RideService should retrieve rides from the server when getRides is called" time="0.029">
    </testcase>
    <testcase classname="RideService should retrieve a specific ride from the server when getRide is called" name="RideService should retrieve a specific ride from the server when getRide is called" time="0.002">
    </testcase>
  </testsuite>
  <testsuite name="OrderService" errors="0" failures="0" skipped="0" timestamp="2026-06-05T22:19:16" time="2.213" tests="2">
    <testcase classname="OrderService currentOrder should retrieve from storage" name="OrderService currentOrder should retrieve from storage" time="0.024">
    </testcase>
    <testcase classname="OrderService currentOrder should retrieve undefined when there is no order yes" name="OrderService currentOrder should retrieve undefined when there is no order yes" time="0.001">
    </testcase>
  </testsuite>
  <testsuite name="SuccessComponent" errors="0" failures="0" skipped="0" timestamp="2026-06-05T22:19:16" time="2.308" tests="1">
    <testcase classname="SuccessComponent should render" name="SuccessComponent should render" time="0.039">
    </testcase>
  </testsuite>
  <testsuite name="RoboCoastersComponent" errors="0" failures="0" skipped="0" timestamp="2026-06-05T22:19:16" time="2.309" tests="4">
    <testcase classname="RoboCoastersComponent should display &lt;robo-choose-ride&gt; by default" name="RoboCoastersComponent should display &lt;robo-choose-ride&gt; by default" time="0.041">
    </testcase>
    <testcase classname="RoboCoastersComponent should display &lt;robo-choose-ride&gt; when navigating to the root" name="RoboCoastersComponent should display &lt;robo-choose-ride&gt; when navigating to the root" time="0.005">
    </testcase>
    <testcase classname="RoboCoastersComponent should display &lt;robo-ride&gt; when navigated to &quot;/ride/something&quot;" name="RoboCoastersComponent should display &lt;robo-ride&gt; when navigated to &quot;/ride/something&quot;" time="0.004">
    </testcase>
    <testcase classname="RoboCoastersComponent should display &lt;robo-success&gt; when navigated to &quot;/success&quot;" name="RoboCoastersComponent should display &lt;robo-success&gt; when navigated to &quot;/success&quot;" time="0.004">
    </testcase>
  </testsuite>
  <testsuite name="ChooseRideComponent" errors="0" failures="0" skipped="0" timestamp="2026-06-05T22:19:16" time="2.339" tests="1">
    <testcase classname="ChooseRideComponent should navigate to ride page when chosen a ride" name="ChooseRideComponent should navigate to ride page when chosen a ride" time="0.047">
    </testcase>
  </testsuite>
  <testsuite name="RideComponent" errors="0" failures="0" skipped="0" timestamp="2026-06-05T22:19:16" time="2.435" tests="6">
    <testcase classname="RideComponent should navigate back on cancel" name="RideComponent should navigate back on cancel" time="0.059">
    </testcase>
    <testcase classname="RideComponent should navigate back when ride cannot be found" name="RideComponent should navigate back when ride cannot be found" time="0.011">
    </testcase>
    <testcase classname="RideComponent change people dropdown should render correct number of height inputs" name="RideComponent change people dropdown should render correct number of height inputs" time="0.02">
    </testcase>
    <testcase classname="RideComponent submit should allow if height check is disabled" name="RideComponent submit should allow if height check is disabled" time="0.018">
    </testcase>
    <testcase classname="RideComponent submit should allow if person has correct height" name="RideComponent submit should allow if person has correct height" time="0.008">
    </testcase>
    <testcase classname="RideComponent submit should not allow person does not have the correct height" name="RideComponent submit should not allow person does not have the correct height" time="0.018">
    </testcase>
  </testsuite>
</testsuites>