TN:
SF:src\router.js
FN:7,Router
FN:15,navigate
FN:19,onNext
FN:26,_get_currentRoute
FN:30,_set_currentRoute
FNF:5
FNH:5
FNDA:7,Router
FNDA:3,navigate
FNDA:3,onNext
FNDA:4,_get_currentRoute
FNDA:3,_set_currentRoute
DA:1,1
DA:2,4
DA:3,4
DA:4,4
DA:5,4
DA:6,4
DA:7,4
DA:8,7
DA:9,7
DA:10,1
DA:11,7
DA:12,7
DA:13,4
DA:14,4
DA:15,4
DA:16,3
DA:17,3
DA:18,4
DA:19,4
DA:20,3
DA:21,3
DA:22,3
DA:23,1
DA:24,3
DA:25,3
DA:26,4
DA:27,4
DA:28,4
DA:29,4
DA:30,3
DA:31,3
DA:32,3
DA:33,1
DA:34,1
DA:35,1
LF:35
LH:35
BRDA:1,0,0,4
BRDA:7,1,0,7
BRDA:7,2,0,3
BRDA:7,3,0,3
BRDA:7,4,0,4
BRDA:9,5,0,1
BRDA:10,6,0,1
BRDA:15,7,0,3
BRDA:19,8,0,3
BRDA:22,9,0,1
BRDA:26,10,0,4
BRDA:30,11,0,3
BRF:12
BRH:12
end_of_record
TN:
SF:src\components\choose-ride.component.js
FN:6,ChooseRideComponent
FN:9,connectedCallback
FN:6,_render
FN:24,_renderOrderRow
FNF:4
FNH:4
FNDA:1,ChooseRideComponent
FNDA:1,connectedCallback
FNDA:2,_render
FNDA:1,_renderOrderRow
DA:1,1
DA:2,1
DA:3,1
DA:4,1
DA:5,1
DA:6,1
DA:7,2
DA:8,2
DA:9,2
DA:10,2
DA:11,2
DA:12,2
DA:13,2
DA:14,2
DA:15,2
DA:16,2
DA:17,2
DA:18,2
DA:19,2
DA:20,2
DA:21,2
DA:22,2
DA:23,1
DA:24,1
DA:25,1
DA:26,1
DA:27,1
DA:28,1
DA:29,1
DA:30,1
DA:31,1
DA:32,1
DA:33,1
DA:34,1
DA:35,1
DA:36,1
DA:37,1
DA:38,1
DA:39,1
DA:40,1
DA:41,1
DA:42,1
LF:42
LH:42
BRDA:6,0,0,1
BRDA:6,1,0,1
BRDA:6,2,0,0
BRDA:9,3,0,1
BRDA:11,4,0,1
BRDA:6,5,0,2
BRDA:20,6,0,1
BRDA:24,7,0,1
BRDA:35,8,0,1
BRF:9
BRH:8
end_of_record
TN:
SF:src\components\choose-ride.template.js
FNF:0
FNH:0
DA:1,1
DA:2,1
DA:3,1
DA:4,1
DA:5,1
DA:6,1
DA:7,1
DA:8,1
DA:9,1
DA:10,1
DA:11,1
DA:12,1
DA:13,1
DA:14,1
DA:15,1
DA:16,1
DA:17,1
DA:18,1
DA:19,1
DA:20,1
DA:21,1
DA:22,1
DA:23,1
DA:24,1
DA:25,1
LF:25
LH:25
BRF:0
BRH:0
end_of_record
TN:
SF:src\components\ride.component.js
FN:11,RideComponent
FN:17,get
FN:20,set
FN:33,getPeople
FN:69,connectedCallback
FN:86,hasValidHeight
FN:11,_render
FNF:7
FNH:7
FNDA:6,RideComponent
FNDA:10,get
FNDA:1,set
FNDA:3,getPeople
FNDA:6,connectedCallback
FNDA:2,hasValidHeight
FNDA:13,_render
DA:1,1
DA:2,1
DA:3,1
DA:4,1
DA:5,1
DA:6,1
DA:7,1
DA:8,1
DA:9,1
DA:10,1
DA:11,1
DA:12,13
DA:13,13
DA:14,13
DA:15,13
DA:16,13
DA:17,13
DA:18,13
DA:19,13
DA:20,13
DA:21,13
DA:22,13
DA:23,13
DA:24,13
DA:25,13
DA:26,13
DA:27,13
DA:28,13
DA:29,13
DA:30,13
DA:31,13
DA:32,13
DA:33,13
DA:34,13
DA:35,13
DA:36,13
DA:37,13
DA:38,13
DA:39,13
DA:40,13
DA:41,13
DA:42,13
DA:43,13
DA:44,13
DA:45,13
DA:46,13
DA:47,13
DA:48,13
DA:49,13
DA:50,13
DA:51,13
DA:52,13
DA:53,13
DA:54,13
DA:55,13
DA:56,13
DA:57,13
DA:58,13
DA:59,13
DA:60,13
DA:61,13
DA:62,13
DA:63,13
DA:64,13
DA:65,13
DA:66,13
DA:67,13
DA:68,13
DA:69,13
DA:70,13
DA:71,13
DA:72,13
DA:73,13
DA:74,13
DA:75,13
DA:76,13
DA:77,13
DA:78,13
DA:79,13
DA:80,13
DA:81,13
DA:82,13
DA:83,13
DA:84,13
DA:85,13
DA:86,13
DA:87,13
DA:88,13
DA:89,13
DA:90,13
DA:91,13
DA:92,13
DA:93,6
DA:94,6
DA:95,6
DA:96,6
DA:97,6
DA:98,6
DA:99,4
DA:100,4
DA:101,4
DA:102,4
DA:103,4
DA:104,4
DA:105,6
DA:106,6
DA:107,6
DA:108,6
DA:109,6
DA:110,6
DA:111,6
DA:112,6
DA:113,6
DA:114,6
DA:115,6
DA:116,6
DA:117,4
DA:118,4
DA:119,4
DA:120,6
DA:121,13
DA:122,1
DA:123,1
LF:123
LH:123
BRDA:11,0,0,1
BRDA:11,1,0,6
BRDA:11,2,0,0
BRDA:26,3,0,1
BRDA:47,4,0,1
BRDA:52,5,0,3
BRDA:55,6,0,2
BRDA:59,7,0,1
BRDA:57,8,0,2
BRDA:61,9,0,1
BRDA:17,10,0,10
BRDA:20,11,0,1
BRDA:33,12,0,3
BRDA:41,13,0,1
BRDA:41,14,0,2
BRDA:41,15,0,2
BRDA:41,16,0,1
BRDA:69,17,0,6
BRDA:72,18,0,6
BRDA:73,19,0,1
BRDA:86,20,0,2
BRDA:11,21,0,13
BRDA:92,22,0,6
BRDA:98,23,0,4
BRDA:104,24,0,6
BRF:25
BRH:24
end_of_record
TN:
SF:src\components\ride.template.js
FNF:0
FNH:0
DA:1,1
DA:2,1
DA:3,1
DA:4,1
DA:5,1
DA:6,1
DA:7,1
DA:8,1
DA:9,1
DA:10,1
DA:11,1
DA:12,1
DA:13,1
DA:14,1
DA:15,1
DA:16,1
DA:17,1
DA:18,1
DA:19,1
DA:20,1
DA:21,1
DA:22,1
DA:23,1
DA:24,1
DA:25,1
DA:26,1
DA:27,1
DA:28,1
DA:29,1
DA:30,1
DA:31,1
DA:32,1
DA:33,1
DA:34,1
DA:35,1
DA:36,1
DA:37,1
DA:38,1
DA:39,1
DA:40,1
DA:41,1
DA:42,1
DA:43,1
DA:44,1
DA:45,1
DA:46,1
DA:47,1
DA:48,1
DA:49,1
DA:50,1
DA:51,1
DA:52,1
DA:53,1
DA:54,1
DA:55,1
DA:56,1
DA:57,1
DA:58,1
DA:59,1
LF:59
LH:59
BRF:0
BRH:0
end_of_record
TN:
SF:src\components\robo-coasters.component.js
FN:18,RoboCoastersComponent
FN:22,connectedCallback
FN:31,disconnectedCallback
FN:35,render
FNF:4
FNH:4
FNDA:4,RoboCoastersComponent
FNDA:4,connectedCallback
FNDA:4,disconnectedCallback
FNDA:4,render
DA:1,1
DA:2,1
DA:3,1
DA:4,1
DA:5,1
DA:6,1
DA:7,1
DA:8,1
DA:9,1
DA:10,1
DA:11,1
DA:12,1
DA:13,1
DA:14,1
DA:15,1
DA:16,1
DA:17,1
DA:18,1
DA:19,4
DA:20,1
DA:21,1
DA:22,1
DA:23,4
DA:24,4
DA:25,4
DA:26,4
DA:27,4
DA:28,4
DA:29,4
DA:30,1
DA:31,1
DA:32,4
DA:33,4
DA:34,1
DA:35,1
DA:36,4
DA:37,4
DA:38,1
DA:39,1
DA:40,4
DA:41,1
DA:42,1
DA:43,4
DA:44,1
DA:45,4
DA:46,2
DA:47,2
DA:48,4
DA:49,4
DA:50,1
DA:51,1
DA:52,1
LF:52
LH:52
BRDA:18,0,0,1
BRDA:18,1,0,4
BRDA:18,2,0,0
BRDA:22,3,0,4
BRDA:25,4,0,4
BRDA:31,5,0,4
BRDA:35,6,0,4
BRDA:37,7,0,1
BRDA:40,8,0,1
BRDA:43,9,0,1
BRDA:45,10,0,2
BRF:11
BRH:10
end_of_record
TN:
SF:src\components\robo.component.js
FN:1,RoboComponent
FN:14,Selector
FN:19,get
FN:26,get
FN:34,toKebabCase
FN:42,cloneTemplate
FNF:6
FNH:6
FNDA:12,RoboComponent
FNDA:23,Selector
FNDA:21,get
FNDA:62,get
FNDA:83,toKebabCase
FNDA:23,cloneTemplate
DA:1,1
DA:2,12
DA:3,1
DA:4,1
DA:5,1
DA:6,1
DA:7,1
DA:8,1
DA:9,1
DA:10,1
DA:11,1
DA:12,1
DA:13,1
DA:14,1
DA:15,23
DA:16,23
DA:17,23
DA:18,23
DA:19,23
DA:20,21
DA:21,23
DA:22,23
DA:23,23
DA:24,23
DA:25,23
DA:26,23
DA:27,62
DA:28,23
DA:29,23
DA:30,23
DA:31,1
DA:32,1
DA:33,1
DA:34,83
DA:35,83
DA:36,83
DA:37,1
DA:38,1
DA:39,1
DA:40,1
DA:41,1
DA:42,1
DA:43,23
DA:44,23
LF:44
LH:44
BRDA:1,0,0,4
BRDA:1,1,0,12
BRDA:1,2,0,0
BRDA:14,3,0,23
BRDA:19,4,0,21
BRDA:20,5,0,0
BRDA:26,6,0,62
BRDA:27,7,0,0
BRDA:34,8,0,83
BRDA:42,9,0,23
BRF:10
BRH:7
end_of_record
TN:
SF:src\components\success.component.js
FN:19,SuccessComponent
FN:20,connectedCallback
FNF:2
FNH:2
FNDA:1,SuccessComponent
FNDA:1,connectedCallback
DA:1,1
DA:2,1
DA:3,1
DA:4,1
DA:5,1
DA:6,1
DA:7,1
DA:8,1
DA:9,1
DA:10,1
DA:11,1
DA:12,1
DA:13,1
DA:14,1
DA:15,1
DA:16,1
DA:17,1
DA:18,1
DA:19,1
DA:20,1
DA:21,1
DA:22,1
DA:23,1
DA:24,1
DA:25,1
DA:26,1
DA:27,1
DA:28,1
LF:28
LH:28
BRDA:19,0,0,1
BRDA:19,1,0,1
BRDA:20,2,0,1
BRF:3
BRH:3
end_of_record
TN:
SF:src\pipes\rides-summary.pipe.js
FN:5,ridesSummary
FNF:1
FNH:1
FNDA:3,ridesSummary
DA:1,1
DA:2,1
DA:3,1
DA:4,1
DA:5,1
DA:6,3
DA:7,3
DA:8,3
DA:9,1
DA:10,1
DA:11,3
DA:12,2
DA:13,2
DA:14,3
DA:15,3
LF:15
LH:15
BRDA:5,0,0,3
BRDA:8,1,0,1
BRDA:11,2,0,2
BRDA:9,3,0,2
BRDA:9,4,0,1
BRDA:9,5,0,1
BRF:6
BRH:6
end_of_record
TN:
SF:src\services\order.service.js
FN:8,OrderService
FN:15,get
FN:26,set
FN:31,clear
FNF:4
FNH:4
FNDA:5,OrderService
FNDA:2,get
FNDA:4,set
FNDA:2,clear
DA:1,1
DA:2,3
DA:3,3
DA:4,3
DA:5,3
DA:6,3
DA:7,3
DA:8,3
DA:9,5
DA:10,5
DA:11,3
DA:12,3
DA:13,3
DA:14,3
DA:15,3
DA:16,2
DA:17,1
DA:18,1
DA:19,1
DA:20,1
DA:21,2
DA:22,2
DA:23,3
DA:24,3
DA:25,3
DA:26,3
DA:27,4
DA:28,4
DA:29,4
DA:30,3
DA:31,3
DA:32,2
DA:33,2
DA:34,1
DA:35,1
DA:36,1
LF:36
LH:36
BRDA:1,0,0,3
BRDA:8,1,0,5
BRDA:15,2,0,2
BRDA:16,3,0,1
BRDA:26,4,0,4
BRDA:31,5,0,2
BRF:6
BRH:6
end_of_record
TN:
SF:src\services\ride.service.js
FN:2,_regenerator
FN:2,i
FN:2,d
FN:2,d
FN:2,Generator
FN:2,GeneratorFunction
FN:2,GeneratorFunctionPrototype
FN:2,f
FN:2,_regenerator
FN:2,_regeneratorDefine2
FN:2,_regeneratorDefine
FN:2,o
FN:2,asyncGeneratorStep
FN:2,_asyncToGenerator
FN:2,_next
FN:2,_throw
FN:2,_classCallCheck
FN:2,_defineProperties
FN:2,_createClass
FN:2,_toPropertyKey
FN:2,_toPrimitive
FN:1,RideService
FN:6,_callee
FN:16,_callee2
FNF:24
FNH:19
FNDA:3,_regenerator
FNDA:3,i
FNDA:0,d
FNDA:6,d
FNDA:0,Generator
FNDA:0,GeneratorFunction
FNDA:0,GeneratorFunctionPrototype
FNDA:6,f
FNDA:9,_regenerator
FNDA:3,_regeneratorDefine2
FNDA:33,_regeneratorDefine
FNDA:9,o
FNDA:6,asyncGeneratorStep
FNDA:6,_asyncToGenerator
FNDA:6,_next
FNDA:0,_throw
FNDA:5,_classCallCheck
FNDA:3,_defineProperties
FNDA:3,_createClass
FNDA:6,_toPropertyKey
FNDA:6,_toPrimitive
FNDA:5,RideService
FNDA:2,_callee
FNDA:1,_callee2
DA:1,1
DA:2,3
DA:3,3
DA:4,3
DA:5,3
DA:6,3
DA:7,2
DA:8,2
DA:9,3
DA:10,3
DA:11,3
DA:12,3
DA:13,3
DA:14,3
DA:15,3
DA:16,1
DA:17,1
DA:18,1
DA:19,1
DA:20,1
DA:21,1
DA:22,1
LF:22
LH:22
BRDA:2,0,0,3
BRDA:2,1,0,0
BRDA:2,2,0,0
BRDA:2,3,0,0
BRDA:2,4,0,0
BRDA:2,5,0,3
BRDA:2,6,0,0
BRDA:2,7,0,3
BRDA:2,8,0,6
BRDA:2,9,0,0
BRDA:2,10,0,0
BRDA:2,11,0,6
BRDA:2,12,0,0
BRDA:2,13,0,0
BRDA:2,14,0,0
BRDA:2,15,0,3
BRDA:2,16,0,9
BRDA:2,17,0,3
BRDA:2,18,0,0
BRDA:2,19,0,6
BRDA:2,20,0,0
BRDA:2,21,0,3
BRDA:2,22,0,6
BRDA:2,23,0,6
BRDA:2,24,0,0
BRDA:2,25,0,3
BRDA:2,26,0,6
BRDA:2,27,0,0
BRDA:2,28,0,9
BRDA:2,29,0,3
BRDA:2,30,0,0
BRDA:2,31,0,33
BRDA:2,32,0,30
BRDA:2,33,0,0
BRDA:2,34,0,3
BRDA:2,35,0,9
BRDA:2,36,0,6
BRDA:2,37,0,6
BRDA:2,38,0,0
BRDA:2,39,0,3
BRDA:2,40,0,3
BRDA:2,41,0,6
BRDA:2,42,0,3
BRDA:2,43,0,3
BRDA:2,44,0,6
BRDA:2,45,0,5
BRDA:2,46,0,0
BRDA:2,47,0,3
BRDA:2,48,0,6
BRDA:2,49,0,3
BRDA:2,50,0,0
BRDA:2,51,0,6
BRDA:2,52,0,0
BRDA:2,53,0,6
BRDA:2,54,0,0
BRDA:2,55,0,0
BRDA:2,56,0,0
BRDA:2,57,0,3
BRDA:1,58,0,5
BRDA:2,59,0,3
BRDA:6,60,0,2
BRDA:6,61,0,4
BRDA:6,62,0,2
BRDA:7,63,0,2
BRDA:11,64,0,3
BRDA:16,65,0,1
BRDA:16,66,0,2
BRDA:16,67,0,1
BRDA:17,68,0,1
BRDA:18,69,0,1
BRF:70
BRH:47
end_of_record
